[CommunicationLog]
S [00EC4A7A] : (35)
R [00DACF13] : 0
S [00DACEB5] : (330F01FA)
R [00DACBC7] : 0
S [00DACB79] : (410F008000080)
R [00DACB79] : 0
S [00DACB2B] : (410F000000080)
R [00DACB2B] : 0000000000000000000000000000000000000000000000000000000000000138400010F01FA0000000000
S [00DACAFC] : (40)
R [00DACAFC] : 0
S [00DACA8F] : (21)
R [00DACA8F] : 0
S [00DAC05D] : 0B
R [00DAC05D] : 0
S [00DABC37] : (0B)
R [00DABBF8] : 0
S [00DAB9D5] : (07)
R [00DAA5F0] : 000010F00000000000001041C0717000000000000000000000000000007130A1C00890F005904000FF800
S [00DAA5E0] : (40)
R [00DAA5E0] : 01
S [00DAA5D0] : (34)
R [00DAA5D0] : 010F0059
S [00DAA5D0] : (35)
R [00DAA5D0] : 000010F00000000000001041C0717000000000000000000000000000007130A1C00890F005904000FF800
S [00DAA5B1] : (40)
R [00DAA5B1] : 01
S [00DAA5A2] : (34)
R [00DAA5A2] : 010F0059
S [00DAA592] : (35)
R [00D97455] : 0
S [00D97407] : (330F01DC)
R [00D972CF] : 0
S [00D97281] : (410F008000080)
R [00D97281] : 0
S [00D97232] : (410F000000080)
R [00D97232] : 0000000000000000000000000000000000000000000000000000000000000138400010F01DC0000000000
S [00D97204] : (40)
R [00D971F4] : 0
S [00D97196] : (21)
R [00D97196] : 0
S [00D96774] : 0B
R [00D96774] : 0
S [00D9634E] : (0B)
R [00D9630F] : 0
S [00D960ED] : (07)
R [00D954F6] : 0
S [00D954D7] : (410F008000080)
R [00D954D7] : 0
S [00D954C7] : (410F000000080)
R [00D953CD] : 000010F00000000000010041C0000000000000000000000000000000007190A1C00810F005E04000FF800
S [00D953BE] : (40)
R [00D953BE] : 01
S [00D953AE] : (34)
R [00D953AE] : 010F005E
S [00D953AE] : (35)
R [00D953AE] : 000010F00000000000010041C0000000000000000000000000000000007190A1C00810F005E04000FF800
S [00D9539E] : (40)
R [00D9539E] : 01
S [00D9537F] : (34)
R [00D9537F] : 010F005E
S [00D9537F] : (35)
R [00D948D1] : 0
S [00D94873] : (330F01C2)
R [00D947E6] : 0000000000000000000000000000000000000000000000000000000000000138400010F01C20000000000
S [00D947A8] : (40)
R [00D94769] : 0
S [00D94556] : (07)
R [00D94556] : 0
S [00D94508] : (08)
R [00D94508] : 0000000000000000000000000000000000000000000000000000000000000138400010F01C20000000000
S [00D944D9] : (40)
R [00D944D9] : 01
S [00D944C9] : (34)
R [00D944C9] : 010F01C2
S [00D944AA] : (35)
R [00D944AA] : 018066FFFFC000E000FFFF080404F08040411
S [00D944AA] : (00)
